{"/Users/virender/Documents/simple-todo-bmad/apps/server/src/config/constants.ts": {"path":"/Users/virender/Documents/simple-todo-bmad/apps/server/src/config/constants.ts","statementMap":{"0":{"start":{"line":1,"column":30},"end":{"line":1,"column":null}},"1":{"start":{"line":2,"column":36},"end":{"line":2,"column":null}},"2":{"start":{"line":3,"column":31},"end":{"line":3,"column":null}},"3":{"start":{"line":4,"column":38},"end":{"line":4,"column":null}}},"fnMap":{},"branchMap":{},"s":{"0":1,"1":1,"2":1,"3":1},"f":{},"b":{},"meta":{"lastBranch":0,"lastFunction":0,"lastStatement":4,"seen":{"s:1:30:1:Infinity":0,"s:2:36:2:Infinity":1,"s:3:31:3:Infinity":2,"s:4:38:4:Infinity":3}}}
,"/Users/virender/Documents/simple-todo-bmad/apps/server/src/errors/appError.ts": {"path":"/Users/virender/Documents/simple-todo-bmad/apps/server/src/errors/appError.ts","statementMap":{"0":{"start":{"line":14,"column":4},"end":{"line":14,"column":null}},"1":{"start":{"line":15,"column":4},"end":{"line":15,"column":null}},"2":{"start":{"line":16,"column":4},"end":{"line":16,"column":null}},"3":{"start":{"line":17,"column":4},"end":{"line":17,"column":null}},"4":{"start":{"line":18,"column":4},"end":{"line":18,"column":null}}},"fnMap":{"0":{"name":"(anonymous_0)","decl":{"start":{"line":8,"column":2},"end":{"line":8,"column":null}},"loc":{"start":{"line":13,"column":4},"end":{"line":19,"column":null}},"line":13}},"branchMap":{},"s":{"0":4,"1":4,"2":4,"3":4,"4":4},"f":{"0":4},"b":{},"meta":{"lastBranch":0,"lastFunction":1,"lastStatement":5,"seen":{"f:8:2:8:Infinity":0,"s:14:4:14:Infinity":0,"s:15:4:15:Infinity":1,"s:16:4:16:Infinity":2,"s:17:4:17:Infinity":3,"s:18:4:18:Infinity":4}}}
,"/Users/virender/Documents/simple-todo-bmad/apps/server/src/errors/errorCodes.ts": {"path":"/Users/virender/Documents/simple-todo-bmad/apps/server/src/errors/errorCodes.ts","statementMap":{"0":{"start":{"line":1,"column":26},"end":{"line":6,"column":null}}},"fnMap":{},"branchMap":{},"s":{"0":2},"f":{},"b":{},"meta":{"lastBranch":0,"lastFunction":0,"lastStatement":1,"seen":{"s:1:26:6:Infinity":0}}}
,"/Users/virender/Documents/simple-todo-bmad/apps/server/src/errors/toErrorResponse.ts": {"path":"/Users/virender/Documents/simple-todo-bmad/apps/server/src/errors/toErrorResponse.ts","statementMap":{"0":{"start":{"line":11,"column":23},"end":{"line":11,"column":null}},"1":{"start":{"line":13,"column":2},"end":{"line":21,"column":null}},"2":{"start":{"line":14,"column":4},"end":{"line":20,"column":null}},"3":{"start":{"line":23,"column":2},"end":{"line":36,"column":null}},"4":{"start":{"line":24,"column":20},"end":{"line":27,"column":null}},"5":{"start":{"line":24,"column":49},"end":{"line":27,"column":6}},"6":{"start":{"line":29,"column":4},"end":{"line":35,"column":null}},"7":{"start":{"line":38,"column":2},"end":{"line":40,"column":null}},"8":{"start":{"line":39,"column":4},"end":{"line":39,"column":null}},"9":{"start":{"line":42,"column":2},"end":{"line":47,"column":null}}},"fnMap":{"0":{"name":"errorHandler","decl":{"start":{"line":6,"column":16},"end":{"line":6,"column":null}},"loc":{"start":{"line":10,"column":2},"end":{"line":48,"column":null}},"line":10},"1":{"name":"(anonymous_1)","decl":{"start":{"line":24,"column":41},"end":{"line":24,"column":42}},"loc":{"start":{"line":24,"column":49},"end":{"line":27,"column":6}},"line":24}},"branchMap":{"0":{"loc":{"start":{"line":13,"column":2},"end":{"line":21,"column":null}},"type":"if","locations":[{"start":{"line":13,"column":2},"end":{"line":21,"column":null}},{"start":{},"end":{}}],"line":13},"1":{"loc":{"start":{"line":18,"column":12},"end":{"line":18,"column":null}},"type":"binary-expr","locations":[{"start":{"line":18,"column":12},"end":{"line":18,"column":29}},{"start":{"line":18,"column":29},"end":{"line":18,"column":null}}],"line":18},"2":{"loc":{"start":{"line":23,"column":2},"end":{"line":36,"column":null}},"type":"if","locations":[{"start":{"line":23,"column":2},"end":{"line":36,"column":null}},{"start":{},"end":{}}],"line":23},"3":{"loc":{"start":{"line":25,"column":13},"end":{"line":25,"column":null}},"type":"binary-expr","locations":[{"start":{"line":25,"column":13},"end":{"line":25,"column":49}},{"start":{"line":25,"column":49},"end":{"line":25,"column":null}}],"line":25},"4":{"loc":{"start":{"line":26,"column":15},"end":{"line":26,"column":null}},"type":"binary-expr","locations":[{"start":{"line":26,"column":15},"end":{"line":26,"column":28}},{"start":{"line":26,"column":28},"end":{"line":26,"column":null}}],"line":26},"5":{"loc":{"start":{"line":38,"column":2},"end":{"line":40,"column":null}},"type":"if","locations":[{"start":{"line":38,"column":2},"end":{"line":40,"column":null}},{"start":{},"end":{}}],"line":38},"6":{"loc":{"start":{"line":42,"column":22},"end":{"line":42,"column":45}},"type":"binary-expr","locations":[{"start":{"line":42,"column":22},"end":{"line":42,"column":42}},{"start":{"line":42,"column":42},"end":{"line":42,"column":45}}],"line":42},"7":{"loc":{"start":{"line":45,"column":15},"end":{"line":45,"column":null}},"type":"cond-expr","locations":[{"start":{"line":45,"column":30},"end":{"line":45,"column":63}},{"start":{"line":45,"column":63},"end":{"line":45,"column":null}}],"line":45}},"s":{"0":7,"1":7,"2":2,"3":5,"4":4,"5":4,"6":4,"7":1,"8":1,"9":1},"f":{"0":7,"1":4},"b":{"0":[2,5],"1":[2,0],"2":[4,1],"3":[4,1],"4":[4,0],"5":[1,0],"6":[1,1],"7":[0,1]},"meta":{"lastBranch":8,"lastFunction":2,"lastStatement":10,"seen":{"f:6:16:6:Infinity":0,"s:11:23:11:Infinity":0,"b:13:2:21:Infinity:undefined:undefined:undefined:undefined":0,"s:13:2:21:Infinity":1,"s:14:4:20:Infinity":2,"b:18:12:18:29:18:29:18:Infinity":1,"b:23:2:36:Infinity:undefined:undefined:undefined:undefined":2,"s:23:2:36:Infinity":3,"s:24:20:27:Infinity":4,"f:24:41:24:42":1,"s:24:49:27:6":5,"b:25:13:25:49:25:49:25:Infinity":3,"b:26:15:26:28:26:28:26:Infinity":4,"s:29:4:35:Infinity":6,"b:38:2:40:Infinity:undefined:undefined:undefined:undefined":5,"s:38:2:40:Infinity":7,"s:39:4:39:Infinity":8,"s:42:2:47:Infinity":9,"b:42:22:42:42:42:42:42:45":6,"b:45:30:45:63:45:63:45:Infinity":7}}}
,"/Users/virender/Documents/simple-todo-bmad/apps/server/src/lib/logger.ts": {"path":"/Users/virender/Documents/simple-todo-bmad/apps/server/src/lib/logger.ts","statementMap":{"0":{"start":{"line":6,"column":6},"end":{"line":6,"column":null}},"1":{"start":{"line":9,"column":23},"end":{"line":9,"column":null}},"2":{"start":{"line":11,"column":22},"end":{"line":15,"column":null}},"3":{"start":{"line":13,"column":6},"end":{"line":13,"column":null}},"4":{"start":{"line":17,"column":2},"end":{"line":22,"column":null}},"5":{"start":{"line":18,"column":4},"end":{"line":21,"column":null}},"6":{"start":{"line":25,"column":2},"end":{"line":29,"column":null}},"7":{"start":{"line":26,"column":4},"end":{"line":26,"column":null}},"8":{"start":{"line":28,"column":4},"end":{"line":28,"column":null}},"9":{"start":{"line":31,"column":2},"end":{"line":38,"column":null}}},"fnMap":{"0":{"name":"getLoggerConfig","decl":{"start":{"line":8,"column":16},"end":{"line":8,"column":34}},"loc":{"start":{"line":8,"column":34},"end":{"line":39,"column":null}},"line":8},"1":{"name":"(anonymous_1)","decl":{"start":{"line":12,"column":4},"end":{"line":12,"column":8}},"loc":{"start":{"line":12,"column":50},"end":{"line":14,"column":null}},"line":12}},"branchMap":{"0":{"loc":{"start":{"line":17,"column":2},"end":{"line":22,"column":null}},"type":"if","locations":[{"start":{"line":17,"column":2},"end":{"line":22,"column":null}},{"start":{},"end":{}}],"line":17}},"s":{"0":2,"1":5,"2":5,"3":14,"4":5,"5":1,"6":4,"7":4,"8":1,"9":3},"f":{"0":5,"1":14},"b":{"0":[1,4]},"meta":{"lastBranch":1,"lastFunction":2,"lastStatement":10,"seen":{"s:6:6:6:Infinity":0,"f:8:16:8:34":0,"s:9:23:9:Infinity":1,"s:11:22:15:Infinity":2,"f:12:4:12:8":1,"s:13:6:13:Infinity":3,"b:17:2:22:Infinity:undefined:undefined:undefined:undefined":0,"s:17:2:22:Infinity":4,"s:18:4:21:Infinity":5,"s:25:2:29:Infinity":6,"s:26:4:26:Infinity":7,"s:28:4:28:Infinity":8,"s:31:2:38:Infinity":9}}}
,"/Users/virender/Documents/simple-todo-bmad/apps/server/src/lib/prisma.ts": {"path":"/Users/virender/Documents/simple-todo-bmad/apps/server/src/lib/prisma.ts","statementMap":{"0":{"start":{"line":3,"column":22},"end":{"line":3,"column":null}},"1":{"start":{"line":6,"column":2},"end":{"line":6,"column":null}}},"fnMap":{"0":{"name":"disconnectPrisma","decl":{"start":{"line":5,"column":22},"end":{"line":5,"column":41}},"loc":{"start":{"line":5,"column":41},"end":{"line":7,"column":null}},"line":5}},"branchMap":{},"s":{"0":1,"1":1},"f":{"0":1},"b":{},"meta":{"lastBranch":0,"lastFunction":1,"lastStatement":2,"seen":{"s:3:22:3:Infinity":0,"f:5:22:5:41":0,"s:6:2:6:Infinity":1}}}
,"/Users/virender/Documents/simple-todo-bmad/apps/server/src/plugins/cors.ts": {"path":"/Users/virender/Documents/simple-todo-bmad/apps/server/src/plugins/cors.ts","statementMap":{"0":{"start":{"line":7,"column":2},"end":{"line":11,"column":null}}},"fnMap":{"0":{"name":"(anonymous_0)","decl":{"start":{"line":6,"column":18},"end":{"line":6,"column":34}},"loc":{"start":{"line":6,"column":60},"end":{"line":12,"column":1}},"line":6}},"branchMap":{},"s":{"0":1},"f":{"0":1},"b":{},"meta":{"lastBranch":0,"lastFunction":1,"lastStatement":1,"seen":{"f:6:18:6:34":0,"s:7:2:11:Infinity":0}}}
,"/Users/virender/Documents/simple-todo-bmad/apps/server/src/plugins/helmet.ts": {"path":"/Users/virender/Documents/simple-todo-bmad/apps/server/src/plugins/helmet.ts","statementMap":{"0":{"start":{"line":6,"column":2},"end":{"line":8,"column":null}}},"fnMap":{"0":{"name":"(anonymous_0)","decl":{"start":{"line":5,"column":18},"end":{"line":5,"column":34}},"loc":{"start":{"line":5,"column":60},"end":{"line":9,"column":1}},"line":5}},"branchMap":{},"s":{"0":1},"f":{"0":1},"b":{},"meta":{"lastBranch":0,"lastFunction":1,"lastStatement":1,"seen":{"f:5:18:5:34":0,"s:6:2:8:Infinity":0}}}
,"/Users/virender/Documents/simple-todo-bmad/apps/server/src/plugins/rateLimit.ts": {"path":"/Users/virender/Documents/simple-todo-bmad/apps/server/src/plugins/rateLimit.ts","statementMap":{"0":{"start":{"line":7,"column":2},"end":{"line":10,"column":null}}},"fnMap":{"0":{"name":"(anonymous_0)","decl":{"start":{"line":6,"column":18},"end":{"line":6,"column":34}},"loc":{"start":{"line":6,"column":60},"end":{"line":11,"column":1}},"line":6}},"branchMap":{},"s":{"0":1},"f":{"0":1},"b":{},"meta":{"lastBranch":0,"lastFunction":1,"lastStatement":1,"seen":{"f:6:18:6:34":0,"s:7:2:10:Infinity":0}}}
,"/Users/virender/Documents/simple-todo-bmad/apps/server/src/routes/health/health.route.ts": {"path":"/Users/virender/Documents/simple-todo-bmad/apps/server/src/routes/health/health.route.ts","statementMap":{"0":{"start":{"line":5,"column":2},"end":{"line":10,"column":null}},"1":{"start":{"line":8,"column":6},"end":{"line":8,"column":null}}},"fnMap":{"0":{"name":"healthRoute","decl":{"start":{"line":4,"column":30},"end":{"line":4,"column":42}},"loc":{"start":{"line":4,"column":68},"end":{"line":11,"column":null}},"line":4},"1":{"name":"(anonymous_1)","decl":{"start":{"line":7,"column":13},"end":{"line":7,"column":25}},"loc":{"start":{"line":7,"column":25},"end":{"line":9,"column":null}},"line":7}},"branchMap":{},"s":{"0":1,"1":1},"f":{"0":1,"1":1},"b":{},"meta":{"lastBranch":0,"lastFunction":2,"lastStatement":2,"seen":{"f:4:30:4:42":0,"s:5:2:10:Infinity":0,"f:7:13:7:25":1,"s:8:6:8:Infinity":1}}}
,"/Users/virender/Documents/simple-todo-bmad/apps/server/src/routes/health/health.schema.ts": {"path":"/Users/virender/Documents/simple-todo-bmad/apps/server/src/routes/health/health.schema.ts","statementMap":{"0":{"start":{"line":1,"column":36},"end":{"line":9,"column":null}}},"fnMap":{},"branchMap":{},"s":{"0":1},"f":{},"b":{},"meta":{"lastBranch":0,"lastFunction":0,"lastStatement":1,"seen":{"s:1:36:9:Infinity":0}}}
,"/Users/virender/Documents/simple-todo-bmad/apps/server/src/routes/todos/todos.route.ts": {"path":"/Users/virender/Documents/simple-todo-bmad/apps/server/src/routes/todos/todos.route.ts","statementMap":{"0":{"start":{"line":11,"column":2},"end":{"line":16,"column":null}},"1":{"start":{"line":14,"column":6},"end":{"line":14,"column":null}},"2":{"start":{"line":18,"column":2},"end":{"line":27,"column":null}},"3":{"start":{"line":24,"column":19},"end":{"line":24,"column":null}},"4":{"start":{"line":25,"column":6},"end":{"line":25,"column":null}},"5":{"start":{"line":29,"column":2},"end":{"line":46,"column":null}},"6":{"start":{"line":44,"column":6},"end":{"line":44,"column":null}},"7":{"start":{"line":48,"column":2},"end":{"line":57,"column":null}},"8":{"start":{"line":54,"column":6},"end":{"line":54,"column":null}},"9":{"start":{"line":55,"column":6},"end":{"line":55,"column":null}}},"fnMap":{"0":{"name":"todosRoute","decl":{"start":{"line":10,"column":30},"end":{"line":10,"column":41}},"loc":{"start":{"line":10,"column":67},"end":{"line":58,"column":null}},"line":10},"1":{"name":"(anonymous_1)","decl":{"start":{"line":13,"column":13},"end":{"line":13,"column":25}},"loc":{"start":{"line":13,"column":25},"end":{"line":15,"column":null}},"line":13},"2":{"name":"(anonymous_2)","decl":{"start":{"line":20,"column":13},"end":{"line":20,"column":null}},"loc":{"start":{"line":23,"column":9},"end":{"line":26,"column":null}},"line":23},"3":{"name":"(anonymous_3)","decl":{"start":{"line":31,"column":13},"end":{"line":31,"column":null}},"loc":{"start":{"line":43,"column":9},"end":{"line":45,"column":null}},"line":43},"4":{"name":"(anonymous_4)","decl":{"start":{"line":50,"column":13},"end":{"line":50,"column":null}},"loc":{"start":{"line":53,"column":9},"end":{"line":56,"column":null}},"line":53}},"branchMap":{},"s":{"0":1,"1":3,"2":1,"3":1,"4":1,"5":1,"6":2,"7":1,"8":2,"9":1},"f":{"0":1,"1":3,"2":1,"3":2,"4":2},"b":{},"meta":{"lastBranch":0,"lastFunction":5,"lastStatement":10,"seen":{"f:10:30:10:41":0,"s:11:2:16:Infinity":0,"f:13:13:13:25":1,"s:14:6:14:Infinity":1,"s:18:2:27:Infinity":2,"f:20:13:20:Infinity":2,"s:24:19:24:Infinity":3,"s:25:6:25:Infinity":4,"s:29:2:46:Infinity":5,"f:31:13:31:Infinity":3,"s:44:6:44:Infinity":6,"s:48:2:57:Infinity":7,"f:50:13:50:Infinity":4,"s:54:6:54:Infinity":8,"s:55:6:55:Infinity":9}}}
,"/Users/virender/Documents/simple-todo-bmad/apps/server/src/routes/todos/todos.schema.ts": {"path":"/Users/virender/Documents/simple-todo-bmad/apps/server/src/routes/todos/todos.schema.ts","statementMap":{"0":{"start":{"line":3,"column":31},"end":{"line":13,"column":null}},"1":{"start":{"line":15,"column":30},"end":{"line":25,"column":null}},"2":{"start":{"line":27,"column":32},"end":{"line":42,"column":null}},"3":{"start":{"line":44,"column":32},"end":{"line":68,"column":null}},"4":{"start":{"line":70,"column":32},"end":{"line":79,"column":null}}},"fnMap":{},"branchMap":{},"s":{"0":1,"1":1,"2":1,"3":1,"4":1},"f":{},"b":{},"meta":{"lastBranch":0,"lastFunction":0,"lastStatement":5,"seen":{"s:3:31:13:Infinity":0,"s:15:30:25:Infinity":1,"s:27:32:42:Infinity":2,"s:44:32:68:Infinity":3,"s:70:32:79:Infinity":4}}}
}
