{"/Users/virender/Documents/simple-todo-bmad/apps/client/src/features/capture/components/CreateTodoInput.tsx": {"path":"/Users/virender/Documents/simple-todo-bmad/apps/client/src/features/capture/components/CreateTodoInput.tsx","statementMap":{"0":{"start":{"line":7,"column":2},"end":{"line":7,"column":null}},"1":{"start":{"line":11,"column":8},"end":{"line":11,"column":null}},"2":{"start":{"line":18,"column":2},"end":{"line":18,"column":null}},"3":{"start":{"line":20,"column":2},"end":{"line":24,"column":null}},"4":{"start":{"line":21,"column":4},"end":{"line":23,"column":null}},"5":{"start":{"line":22,"column":6},"end":{"line":22,"column":null}},"6":{"start":{"line":26,"column":20},"end":{"line":31,"column":null}},"7":{"start":{"line":27,"column":4},"end":{"line":30,"column":null}},"8":{"start":{"line":28,"column":6},"end":{"line":28,"column":null}},"9":{"start":{"line":29,"column":6},"end":{"line":29,"column":null}},"10":{"start":{"line":33,"column":23},"end":{"line":35,"column":null}},"11":{"start":{"line":34,"column":4},"end":{"line":34,"column":null}},"12":{"start":{"line":37,"column":2},"end":{"line":68,"column":null}},"13":{"start":{"line":44,"column":27},"end":{"line":44,"column":null}},"14":{"start":{"line":53,"column":12},"end":{"line":53,"column":null}},"15":{"start":{"line":65,"column":25},"end":{"line":65,"column":null}}},"fnMap":{"0":{"name":"isMobile","decl":{"start":{"line":6,"column":9},"end":{"line":6,"column":20}},"loc":{"start":{"line":6,"column":20},"end":{"line":8,"column":null}},"line":6},"1":{"name":"CreateTodoInput","decl":{"start":{"line":10,"column":16},"end":{"line":10,"column":34}},"loc":{"start":{"line":10,"column":34},"end":{"line":70,"column":null}},"line":10},"2":{"name":"(anonymous_2)","decl":{"start":{"line":20,"column":12},"end":{"line":20,"column":18}},"loc":{"start":{"line":20,"column":18},"end":{"line":24,"column":5}},"line":20},"3":{"name":"(anonymous_3)","decl":{"start":{"line":26,"column":20},"end":{"line":26,"column":21}},"loc":{"start":{"line":26,"column":48},"end":{"line":31,"column":null}},"line":26},"4":{"name":"(anonymous_4)","decl":{"start":{"line":33,"column":23},"end":{"line":33,"column":29}},"loc":{"start":{"line":33,"column":29},"end":{"line":35,"column":null}},"line":33},"5":{"name":"(anonymous_5)","decl":{"start":{"line":44,"column":20},"end":{"line":44,"column":21}},"loc":{"start":{"line":44,"column":27},"end":{"line":44,"column":null}},"line":44},"6":{"name":"(anonymous_6)","decl":{"start":{"line":52,"column":19},"end":{"line":52,"column":25}},"loc":{"start":{"line":52,"column":25},"end":{"line":54,"column":null}},"line":52},"7":{"name":"(anonymous_7)","decl":{"start":{"line":65,"column":19},"end":{"line":65,"column":25}},"loc":{"start":{"line":65,"column":25},"end":{"line":65,"column":null}},"line":65}},"branchMap":{"0":{"loc":{"start":{"line":21,"column":4},"end":{"line":23,"column":null}},"type":"if","locations":[{"start":{"line":21,"column":4},"end":{"line":23,"column":null}},{"start":{},"end":{}}],"line":21},"1":{"loc":{"start":{"line":21,"column":8},"end":{"line":21,"column":41}},"type":"binary-expr","locations":[{"start":{"line":21,"column":8},"end":{"line":21,"column":23}},{"start":{"line":21,"column":23},"end":{"line":21,"column":41}}],"line":21},"2":{"loc":{"start":{"line":27,"column":4},"end":{"line":30,"column":null}},"type":"if","locations":[{"start":{"line":27,"column":4},"end":{"line":30,"column":null}},{"start":{},"end":{}}],"line":27},"3":{"loc":{"start":{"line":61,"column":7},"end":{"line":66,"column":null}},"type":"binary-expr","locations":[{"start":{"line":61,"column":7},"end":{"line":61,"column":null}},{"start":{"line":62,"column":8},"end":{"line":66,"column":null}}],"line":61}},"s":{"0":8,"1":8,"2":8,"3":8,"4":8,"5":8,"6":8,"7":1,"8":1,"9":1,"10":8,"11":2,"12":8,"13":1,"14":1,"15":1},"f":{"0":8,"1":8,"2":8,"3":1,"4":2,"5":1,"6":1,"7":1},"b":{"0":[8,0],"1":[8,8],"2":[1,0],"3":[8,3]},"meta":{"lastBranch":4,"lastFunction":8,"lastStatement":16,"seen":{"f:6:9:6:20":0,"s:7:2:7:Infinity":0,"f:10:16:10:34":1,"s:11:8:11:Infinity":1,"s:18:2:18:Infinity":2,"s:20:2:24:Infinity":3,"f:20:12:20:18":2,"b:21:4:23:Infinity:undefined:undefined:undefined:undefined":0,"s:21:4:23:Infinity":4,"b:21:8:21:23:21:23:21:41":1,"s:22:6:22:Infinity":5,"s:26:20:31:Infinity":6,"f:26:20:26:21":3,"b:27:4:30:Infinity:undefined:undefined:undefined:undefined":2,"s:27:4:30:Infinity":7,"s:28:6:28:Infinity":8,"s:29:6:29:Infinity":9,"s:33:23:35:Infinity":10,"f:33:23:33:29":4,"s:34:4:34:Infinity":11,"s:37:2:68:Infinity":12,"f:44:20:44:21":5,"s:44:27:44:Infinity":13,"f:52:19:52:25":6,"s:53:12:53:Infinity":14,"b:61:7:61:Infinity:62:8:66:Infinity":3,"f:65:19:65:25":7,"s:65:25:65:Infinity":15}}}
,"/Users/virender/Documents/simple-todo-bmad/apps/client/src/features/feedback/components/EmptyState.tsx": {"path":"/Users/virender/Documents/simple-todo-bmad/apps/client/src/features/feedback/components/EmptyState.tsx","statementMap":{"0":{"start":{"line":3,"column":80},"end":{"line":20,"column":null}},"1":{"start":{"line":27,"column":33},"end":{"line":27,"column":null}},"2":{"start":{"line":29,"column":2},"end":{"line":35,"column":null}}},"fnMap":{"0":{"name":"EmptyState","decl":{"start":{"line":26,"column":16},"end":{"line":26,"column":27}},"loc":{"start":{"line":26,"column":54},"end":{"line":37,"column":null}},"line":26}},"branchMap":{},"s":{"0":2,"1":4,"2":4},"f":{"0":4},"b":{},"meta":{"lastBranch":0,"lastFunction":1,"lastStatement":3,"seen":{"s:3:80:20:Infinity":0,"f:26:16:26:27":0,"s:27:33:27:Infinity":1,"s:29:2:35:Infinity":2}}}
,"/Users/virender/Documents/simple-todo-bmad/apps/client/src/features/feedback/components/ErrorBanner.tsx": {"path":"/Users/virender/Documents/simple-todo-bmad/apps/client/src/features/feedback/components/ErrorBanner.tsx","statementMap":{"0":{"start":{"line":10,"column":2},"end":{"line":36,"column":null}}},"fnMap":{"0":{"name":"ErrorBanner","decl":{"start":{"line":9,"column":16},"end":{"line":9,"column":28}},"loc":{"start":{"line":9,"column":79},"end":{"line":38,"column":null}},"line":9}},"branchMap":{"0":{"loc":{"start":{"line":17,"column":7},"end":{"line":24,"column":null}},"type":"binary-expr","locations":[{"start":{"line":17,"column":7},"end":{"line":17,"column":null}},{"start":{"line":18,"column":8},"end":{"line":24,"column":null}}],"line":17},"1":{"loc":{"start":{"line":26,"column":7},"end":{"line":34,"column":null}},"type":"binary-expr","locations":[{"start":{"line":26,"column":7},"end":{"line":26,"column":null}},{"start":{"line":27,"column":8},"end":{"line":34,"column":null}}],"line":26}},"s":{"0":11},"f":{"0":11},"b":{"0":[11,9],"1":[11,8]},"meta":{"lastBranch":2,"lastFunction":1,"lastStatement":1,"seen":{"f:9:16:9:28":0,"s:10:2:36:Infinity":0,"b:17:7:17:Infinity:18:8:24:Infinity":0,"b:26:7:26:Infinity:27:8:34:Infinity":1}}}
,"/Users/virender/Documents/simple-todo-bmad/apps/client/src/features/feedback/components/LoadingState.tsx": {"path":"/Users/virender/Documents/simple-todo-bmad/apps/client/src/features/feedback/components/LoadingState.tsx","statementMap":{"0":{"start":{"line":4,"column":2},"end":{"line":8,"column":null}}},"fnMap":{"0":{"name":"LoadingState","decl":{"start":{"line":3,"column":16},"end":{"line":3,"column":31}},"loc":{"start":{"line":3,"column":31},"end":{"line":10,"column":null}},"line":3}},"branchMap":{},"s":{"0":2},"f":{"0":2},"b":{},"meta":{"lastBranch":0,"lastFunction":1,"lastStatement":1,"seen":{"f:3:16:3:31":0,"s:4:2:8:Infinity":0}}}
,"/Users/virender/Documents/simple-todo-bmad/apps/client/src/features/todos/components/TodoItem.tsx": {"path":"/Users/virender/Documents/simple-todo-bmad/apps/client/src/features/todos/components/TodoItem.tsx","statementMap":{"0":{"start":{"line":16,"column":8},"end":{"line":16,"column":null}},"1":{"start":{"line":16,"column":43},"end":{"line":16,"column":57}},"2":{"start":{"line":17,"column":8},"end":{"line":17,"column":null}},"3":{"start":{"line":17,"column":41},"end":{"line":17,"column":53}},"4":{"start":{"line":18,"column":8},"end":{"line":18,"column":null}},"5":{"start":{"line":18,"column":41},"end":{"line":18,"column":53}},"6":{"start":{"line":19,"column":8},"end":{"line":19,"column":null}},"7":{"start":{"line":19,"column":45},"end":{"line":19,"column":61}},"8":{"start":{"line":20,"column":8},"end":{"line":20,"column":null}},"9":{"start":{"line":20,"column":41},"end":{"line":20,"column":53}},"10":{"start":{"line":21,"column":8},"end":{"line":21,"column":null}},"11":{"start":{"line":21,"column":45},"end":{"line":21,"column":61}},"12":{"start":{"line":23,"column":20},"end":{"line":23,"column":null}},"13":{"start":{"line":24,"column":16},"end":{"line":24,"column":null}},"14":{"start":{"line":25,"column":20},"end":{"line":25,"column":null}},"15":{"start":{"line":26,"column":8},"end":{"line":26,"column":null}},"16":{"start":{"line":28,"column":22},"end":{"line":32,"column":null}},"17":{"start":{"line":29,"column":19},"end":{"line":29,"column":null}},"18":{"start":{"line":30,"column":4},"end":{"line":30,"column":null}},"19":{"start":{"line":30,"column":41},"end":{"line":30,"column":null}},"20":{"start":{"line":31,"column":4},"end":{"line":31,"column":null}},"21":{"start":{"line":34,"column":24},"end":{"line":40,"column":null}},"22":{"start":{"line":35,"column":4},"end":{"line":39,"column":null}},"23":{"start":{"line":36,"column":21},"end":{"line":36,"column":null}},"24":{"start":{"line":37,"column":6},"end":{"line":37,"column":null}},"25":{"start":{"line":37,"column":43},"end":{"line":37,"column":null}},"26":{"start":{"line":38,"column":6},"end":{"line":38,"column":null}},"27":{"start":{"line":42,"column":2},"end":{"line":181,"column":null}},"28":{"start":{"line":61,"column":12},"end":{"line":61,"column":null}},"29":{"start":{"line":62,"column":12},"end":{"line":62,"column":null}},"30":{"start":{"line":126,"column":14},"end":{"line":126,"column":null}},"31":{"start":{"line":127,"column":14},"end":{"line":127,"column":null}},"32":{"start":{"line":143,"column":14},"end":{"line":143,"column":null}},"33":{"start":{"line":144,"column":14},"end":{"line":144,"column":null}},"34":{"start":{"line":160,"column":14},"end":{"line":160,"column":null}},"35":{"start":{"line":161,"column":14},"end":{"line":161,"column":null}},"36":{"start":{"line":174,"column":27},"end":{"line":174,"column":null}},"37":{"start":{"line":176,"column":12},"end":{"line":176,"column":null}},"38":{"start":{"line":177,"column":12},"end":{"line":177,"column":null}}},"fnMap":{"0":{"name":"TodoItem","decl":{"start":{"line":15,"column":16},"end":{"line":15,"column":25}},"loc":{"start":{"line":15,"column":58},"end":{"line":183,"column":null}},"line":15},"1":{"name":"(anonymous_1)","decl":{"start":{"line":16,"column":36},"end":{"line":16,"column":37}},"loc":{"start":{"line":16,"column":43},"end":{"line":16,"column":57}},"line":16},"2":{"name":"(anonymous_2)","decl":{"start":{"line":17,"column":34},"end":{"line":17,"column":35}},"loc":{"start":{"line":17,"column":41},"end":{"line":17,"column":53}},"line":17},"3":{"name":"(anonymous_3)","decl":{"start":{"line":18,"column":34},"end":{"line":18,"column":35}},"loc":{"start":{"line":18,"column":41},"end":{"line":18,"column":53}},"line":18},"4":{"name":"(anonymous_4)","decl":{"start":{"line":19,"column":38},"end":{"line":19,"column":39}},"loc":{"start":{"line":19,"column":45},"end":{"line":19,"column":61}},"line":19},"5":{"name":"(anonymous_5)","decl":{"start":{"line":20,"column":34},"end":{"line":20,"column":35}},"loc":{"start":{"line":20,"column":41},"end":{"line":20,"column":53}},"line":20},"6":{"name":"(anonymous_6)","decl":{"start":{"line":21,"column":38},"end":{"line":21,"column":39}},"loc":{"start":{"line":21,"column":45},"end":{"line":21,"column":61}},"line":21},"7":{"name":"(anonymous_7)","decl":{"start":{"line":28,"column":22},"end":{"line":28,"column":23}},"loc":{"start":{"line":28,"column":47},"end":{"line":32,"column":null}},"line":28},"8":{"name":"(anonymous_8)","decl":{"start":{"line":34,"column":24},"end":{"line":34,"column":25}},"loc":{"start":{"line":34,"column":52},"end":{"line":40,"column":null}},"line":34},"9":{"name":"(anonymous_9)","decl":{"start":{"line":60,"column":19},"end":{"line":60,"column":20}},"loc":{"start":{"line":60,"column":26},"end":{"line":63,"column":null}},"line":60},"10":{"name":"(anonymous_10)","decl":{"start":{"line":125,"column":21},"end":{"line":125,"column":22}},"loc":{"start":{"line":125,"column":28},"end":{"line":128,"column":null}},"line":125},"11":{"name":"(anonymous_11)","decl":{"start":{"line":142,"column":21},"end":{"line":142,"column":22}},"loc":{"start":{"line":142,"column":28},"end":{"line":145,"column":null}},"line":142},"12":{"name":"(anonymous_12)","decl":{"start":{"line":159,"column":21},"end":{"line":159,"column":22}},"loc":{"start":{"line":159,"column":28},"end":{"line":162,"column":null}},"line":159},"13":{"name":"(anonymous_13)","decl":{"start":{"line":174,"column":21},"end":{"line":174,"column":27}},"loc":{"start":{"line":174,"column":27},"end":{"line":174,"column":null}},"line":174},"14":{"name":"(anonymous_14)","decl":{"start":{"line":175,"column":19},"end":{"line":175,"column":25}},"loc":{"start":{"line":175,"column":25},"end":{"line":178,"column":null}},"line":175}},"branchMap":{"0":{"loc":{"start":{"line":30,"column":4},"end":{"line":30,"column":null}},"type":"if","locations":[{"start":{"line":30,"column":4},"end":{"line":30,"column":null}},{"start":{},"end":{}}],"line":30},"1":{"loc":{"start":{"line":35,"column":4},"end":{"line":39,"column":null}},"type":"if","locations":[{"start":{"line":35,"column":4},"end":{"line":39,"column":null}},{"start":{},"end":{}}],"line":35},"2":{"loc":{"start":{"line":37,"column":6},"end":{"line":37,"column":null}},"type":"if","locations":[{"start":{"line":37,"column":6},"end":{"line":37,"column":null}},{"start":{},"end":{}}],"line":37},"3":{"loc":{"start":{"line":52,"column":10},"end":{"line":52,"column":null}},"type":"binary-expr","locations":[{"start":{"line":52,"column":10},"end":{"line":52,"column":23}},{"start":{"line":52,"column":23},"end":{"line":52,"column":null}}],"line":52},"4":{"loc":{"start":{"line":53,"column":10},"end":{"line":53,"column":null}},"type":"binary-expr","locations":[{"start":{"line":53,"column":10},"end":{"line":53,"column":28}},{"start":{"line":53,"column":28},"end":{"line":53,"column":null}}],"line":53},"5":{"loc":{"start":{"line":62,"column":12},"end":{"line":62,"column":null}},"type":"cond-expr","locations":[{"start":{"line":62,"column":29},"end":{"line":62,"column":51}},{"start":{"line":62,"column":51},"end":{"line":62,"column":null}}],"line":62},"6":{"loc":{"start":{"line":64,"column":20},"end":{"line":64,"column":null}},"type":"binary-expr","locations":[{"start":{"line":64,"column":20},"end":{"line":64,"column":33}},{"start":{"line":64,"column":33},"end":{"line":64,"column":null}}],"line":64},"7":{"loc":{"start":{"line":65,"column":22},"end":{"line":65,"column":null}},"type":"cond-expr","locations":[{"start":{"line":65,"column":39},"end":{"line":65,"column":64}},{"start":{"line":65,"column":64},"end":{"line":65,"column":null}}],"line":65},"8":{"loc":{"start":{"line":68,"column":12},"end":{"line":70,"column":null}},"type":"cond-expr","locations":[{"start":{"line":69,"column":16},"end":{"line":69,"column":null}},{"start":{"line":70,"column":16},"end":{"line":70,"column":null}}],"line":68},"9":{"loc":{"start":{"line":73,"column":11},"end":{"line":73,"column":null}},"type":"binary-expr","locations":[{"start":{"line":73,"column":11},"end":{"line":73,"column":29}},{"start":{"line":73,"column":29},"end":{"line":73,"column":null}}],"line":73},"10":{"loc":{"start":{"line":74,"column":11},"end":{"line":75,"column":null}},"type":"binary-expr","locations":[{"start":{"line":74,"column":11},"end":{"line":74,"column":30}},{"start":{"line":74,"column":30},"end":{"line":74,"column":null}},{"start":{"line":75,"column":12},"end":{"line":75,"column":null}}],"line":74},"11":{"loc":{"start":{"line":84,"column":14},"end":{"line":84,"column":null}},"type":"binary-expr","locations":[{"start":{"line":84,"column":14},"end":{"line":84,"column":32}},{"start":{"line":84,"column":32},"end":{"line":84,"column":null}}],"line":84},"12":{"loc":{"start":{"line":90,"column":13},"end":{"line":91,"column":null}},"type":"binary-expr","locations":[{"start":{"line":90,"column":13},"end":{"line":90,"column":null}},{"start":{"line":91,"column":14},"end":{"line":91,"column":null}}],"line":90},"13":{"loc":{"start":{"line":93,"column":13},"end":{"line":94,"column":null}},"type":"binary-expr","locations":[{"start":{"line":93,"column":13},"end":{"line":93,"column":null}},{"start":{"line":94,"column":14},"end":{"line":94,"column":null}}],"line":93},"14":{"loc":{"start":{"line":96,"column":13},"end":{"line":100,"column":null}},"type":"binary-expr","locations":[{"start":{"line":96,"column":13},"end":{"line":96,"column":31}},{"start":{"line":96,"column":31},"end":{"line":96,"column":null}},{"start":{"line":97,"column":14},"end":{"line":100,"column":null}}],"line":96},"15":{"loc":{"start":{"line":102,"column":13},"end":{"line":105,"column":null}},"type":"binary-expr","locations":[{"start":{"line":102,"column":13},"end":{"line":102,"column":27}},{"start":{"line":102,"column":27},"end":{"line":102,"column":null}},{"start":{"line":103,"column":14},"end":{"line":105,"column":null}}],"line":102},"16":{"loc":{"start":{"line":107,"column":13},"end":{"line":110,"column":null}},"type":"binary-expr","locations":[{"start":{"line":107,"column":13},"end":{"line":107,"column":30}},{"start":{"line":107,"column":30},"end":{"line":107,"column":null}},{"start":{"line":108,"column":14},"end":{"line":110,"column":null}}],"line":107},"17":{"loc":{"start":{"line":116,"column":9},"end":{"line":117,"column":null}},"type":"binary-expr","locations":[{"start":{"line":116,"column":9},"end":{"line":116,"column":null}},{"start":{"line":117,"column":10},"end":{"line":117,"column":null}}],"line":116},"18":{"loc":{"start":{"line":121,"column":9},"end":{"line":134,"column":null}},"type":"binary-expr","locations":[{"start":{"line":121,"column":9},"end":{"line":121,"column":null}},{"start":{"line":122,"column":10},"end":{"line":134,"column":null}}],"line":121},"19":{"loc":{"start":{"line":129,"column":22},"end":{"line":129,"column":null}},"type":"binary-expr","locations":[{"start":{"line":129,"column":22},"end":{"line":129,"column":35}},{"start":{"line":129,"column":35},"end":{"line":129,"column":null}}],"line":129},"20":{"loc":{"start":{"line":138,"column":9},"end":{"line":151,"column":null}},"type":"binary-expr","locations":[{"start":{"line":138,"column":9},"end":{"line":138,"column":null}},{"start":{"line":139,"column":10},"end":{"line":151,"column":null}}],"line":138},"21":{"loc":{"start":{"line":155,"column":9},"end":{"line":168,"column":null}},"type":"binary-expr","locations":[{"start":{"line":155,"column":9},"end":{"line":155,"column":null}},{"start":{"line":156,"column":10},"end":{"line":168,"column":null}}],"line":155},"22":{"loc":{"start":{"line":171,"column":7},"end":{"line":179,"column":null}},"type":"binary-expr","locations":[{"start":{"line":171,"column":7},"end":{"line":171,"column":null}},{"start":{"line":172,"column":8},"end":{"line":179,"column":null}}],"line":171},"23":{"loc":{"start":{"line":177,"column":12},"end":{"line":177,"column":null}},"type":"cond-expr","locations":[{"start":{"line":177,"column":29},"end":{"line":177,"column":51}},{"start":{"line":177,"column":51},"end":{"line":177,"column":null}}],"line":177}},"s":{"0":19,"1":19,"2":19,"3":19,"4":19,"5":19,"6":19,"7":19,"8":19,"9":19,"10":19,"11":19,"12":19,"13":19,"14":19,"15":19,"16":19,"17":1,"18":1,"19":0,"20":1,"21":19,"22":1,"23":1,"24":1,"25":0,"26":1,"27":19,"28":3,"29":3,"30":1,"31":1,"32":1,"33":1,"34":1,"35":1,"36":0,"37":2,"38":2},"f":{"0":19,"1":19,"2":19,"3":19,"4":19,"5":19,"6":19,"7":1,"8":1,"9":3,"10":1,"11":1,"12":1,"13":0,"14":2},"b":{"0":[0,1],"1":[1,0],"2":[0,1],"3":[19,0],"4":[19,5],"5":[1,2],"6":[19,18],"7":[5,14],"8":[5,14],"9":[19,5],"10":[19,14,1],"11":[19,5],"12":[19,5],"13":[19,14],"14":[19,1,1],"15":[19,1,1],"16":[19,1,1],"17":[19,1],"18":[19,14],"19":[14,13],"20":[19,5],"21":[19,5],"22":[19,3],"23":[1,1]},"meta":{"lastBranch":24,"lastFunction":15,"lastStatement":39,"seen":{"f:15:16:15:25":0,"s:16:8:16:Infinity":0,"f:16:36:16:37":1,"s:16:43:16:57":1,"s:17:8:17:Infinity":2,"f:17:34:17:35":2,"s:17:41:17:53":3,"s:18:8:18:Infinity":4,"f:18:34:18:35":3,"s:18:41:18:53":5,"s:19:8:19:Infinity":6,"f:19:38:19:39":4,"s:19:45:19:61":7,"s:20:8:20:Infinity":8,"f:20:34:20:35":5,"s:20:41:20:53":9,"s:21:8:21:Infinity":10,"f:21:38:21:39":6,"s:21:45:21:61":11,"s:23:20:23:Infinity":12,"s:24:16:24:Infinity":13,"s:25:20:25:Infinity":14,"s:26:8:26:Infinity":15,"s:28:22:32:Infinity":16,"f:28:22:28:23":7,"s:29:19:29:Infinity":17,"b:30:4:30:Infinity:undefined:undefined:undefined:undefined":0,"s:30:4:30:Infinity":18,"s:30:41:30:Infinity":19,"s:31:4:31:Infinity":20,"s:34:24:40:Infinity":21,"f:34:24:34:25":8,"b:35:4:39:Infinity:undefined:undefined:undefined:undefined":1,"s:35:4:39:Infinity":22,"s:36:21:36:Infinity":23,"b:37:6:37:Infinity:undefined:undefined:undefined:undefined":2,"s:37:6:37:Infinity":24,"s:37:43:37:Infinity":25,"s:38:6:38:Infinity":26,"s:42:2:181:Infinity":27,"b:52:10:52:23:52:23:52:Infinity":3,"b:53:10:53:28:53:28:53:Infinity":4,"f:60:19:60:20":9,"s:61:12:61:Infinity":28,"s:62:12:62:Infinity":29,"b:62:29:62:51:62:51:62:Infinity":5,"b:64:20:64:33:64:33:64:Infinity":6,"b:65:39:65:64:65:64:65:Infinity":7,"b:69:16:69:Infinity:70:16:70:Infinity":8,"b:73:11:73:29:73:29:73:Infinity":9,"b:74:11:74:30:74:30:74:Infinity:75:12:75:Infinity":10,"b:84:14:84:32:84:32:84:Infinity":11,"b:90:13:90:Infinity:91:14:91:Infinity":12,"b:93:13:93:Infinity:94:14:94:Infinity":13,"b:96:13:96:31:96:31:96:Infinity:97:14:100:Infinity":14,"b:102:13:102:27:102:27:102:Infinity:103:14:105:Infinity":15,"b:107:13:107:30:107:30:107:Infinity:108:14:110:Infinity":16,"b:116:9:116:Infinity:117:10:117:Infinity":17,"b:121:9:121:Infinity:122:10:134:Infinity":18,"f:125:21:125:22":10,"s:126:14:126:Infinity":30,"s:127:14:127:Infinity":31,"b:129:22:129:35:129:35:129:Infinity":19,"b:138:9:138:Infinity:139:10:151:Infinity":20,"f:142:21:142:22":11,"s:143:14:143:Infinity":32,"s:144:14:144:Infinity":33,"b:155:9:155:Infinity:156:10:168:Infinity":21,"f:159:21:159:22":12,"s:160:14:160:Infinity":34,"s:161:14:161:Infinity":35,"b:171:7:171:Infinity:172:8:179:Infinity":22,"f:174:21:174:27":13,"s:174:27:174:Infinity":36,"f:175:19:175:25":14,"s:176:12:176:Infinity":37,"s:177:12:177:Infinity":38,"b:177:29:177:51:177:51:177:Infinity":23}}}
,"/Users/virender/Documents/simple-todo-bmad/apps/client/src/features/todos/components/TodoList.tsx": {"path":"/Users/virender/Documents/simple-todo-bmad/apps/client/src/features/todos/components/TodoList.tsx","statementMap":{"0":{"start":{"line":9,"column":8},"end":{"line":9,"column":null}},"1":{"start":{"line":9,"column":40},"end":{"line":9,"column":51}},"2":{"start":{"line":10,"column":8},"end":{"line":10,"column":null}},"3":{"start":{"line":10,"column":40},"end":{"line":10,"column":51}},"4":{"start":{"line":11,"column":8},"end":{"line":11,"column":null}},"5":{"start":{"line":11,"column":41},"end":{"line":11,"column":53}},"6":{"start":{"line":12,"column":8},"end":{"line":12,"column":null}},"7":{"start":{"line":12,"column":41},"end":{"line":12,"column":53}},"8":{"start":{"line":13,"column":8},"end":{"line":13,"column":null}},"9":{"start":{"line":13,"column":47},"end":{"line":13,"column":65}},"10":{"start":{"line":14,"column":8},"end":{"line":14,"column":null}},"11":{"start":{"line":16,"column":2},"end":{"line":18,"column":null}},"12":{"start":{"line":17,"column":4},"end":{"line":17,"column":null}},"13":{"start":{"line":20,"column":2},"end":{"line":29,"column":null}},"14":{"start":{"line":21,"column":4},"end":{"line":27,"column":null}},"15":{"start":{"line":31,"column":2},"end":{"line":33,"column":null}},"16":{"start":{"line":32,"column":4},"end":{"line":32,"column":null}},"17":{"start":{"line":35,"column":2},"end":{"line":44,"column":null}},"18":{"start":{"line":38,"column":8},"end":{"line":42,"column":null}}},"fnMap":{"0":{"name":"TodoList","decl":{"start":{"line":8,"column":16},"end":{"line":8,"column":27}},"loc":{"start":{"line":8,"column":27},"end":{"line":46,"column":null}},"line":8},"1":{"name":"(anonymous_1)","decl":{"start":{"line":9,"column":33},"end":{"line":9,"column":34}},"loc":{"start":{"line":9,"column":40},"end":{"line":9,"column":51}},"line":9},"2":{"name":"(anonymous_2)","decl":{"start":{"line":10,"column":33},"end":{"line":10,"column":34}},"loc":{"start":{"line":10,"column":40},"end":{"line":10,"column":51}},"line":10},"3":{"name":"(anonymous_3)","decl":{"start":{"line":11,"column":34},"end":{"line":11,"column":35}},"loc":{"start":{"line":11,"column":41},"end":{"line":11,"column":53}},"line":11},"4":{"name":"(anonymous_4)","decl":{"start":{"line":12,"column":34},"end":{"line":12,"column":35}},"loc":{"start":{"line":12,"column":41},"end":{"line":12,"column":53}},"line":12},"5":{"name":"(anonymous_5)","decl":{"start":{"line":13,"column":40},"end":{"line":13,"column":41}},"loc":{"start":{"line":13,"column":47},"end":{"line":13,"column":65}},"line":13},"6":{"name":"(anonymous_6)","decl":{"start":{"line":37,"column":24},"end":{"line":37,"column":25}},"loc":{"start":{"line":38,"column":8},"end":{"line":42,"column":null}},"line":38}},"branchMap":{"0":{"loc":{"start":{"line":16,"column":2},"end":{"line":18,"column":null}},"type":"if","locations":[{"start":{"line":16,"column":2},"end":{"line":18,"column":null}},{"start":{},"end":{}}],"line":16},"1":{"loc":{"start":{"line":20,"column":2},"end":{"line":29,"column":null}},"type":"if","locations":[{"start":{"line":20,"column":2},"end":{"line":29,"column":null}},{"start":{},"end":{}}],"line":20},"2":{"loc":{"start":{"line":31,"column":2},"end":{"line":33,"column":null}},"type":"if","locations":[{"start":{"line":31,"column":2},"end":{"line":33,"column":null}},{"start":{},"end":{}}],"line":31}},"s":{"0":5,"1":5,"2":5,"3":5,"4":5,"5":5,"6":5,"7":5,"8":5,"9":5,"10":5,"11":5,"12":1,"13":4,"14":1,"15":3,"16":1,"17":2,"18":2},"f":{"0":5,"1":5,"2":5,"3":5,"4":5,"5":5,"6":2},"b":{"0":[1,4],"1":[1,3],"2":[1,2]},"meta":{"lastBranch":3,"lastFunction":7,"lastStatement":19,"seen":{"f:8:16:8:27":0,"s:9:8:9:Infinity":0,"f:9:33:9:34":1,"s:9:40:9:51":1,"s:10:8:10:Infinity":2,"f:10:33:10:34":2,"s:10:40:10:51":3,"s:11:8:11:Infinity":4,"f:11:34:11:35":3,"s:11:41:11:53":5,"s:12:8:12:Infinity":6,"f:12:34:12:35":4,"s:12:41:12:53":7,"s:13:8:13:Infinity":8,"f:13:40:13:41":5,"s:13:47:13:65":9,"s:14:8:14:Infinity":10,"b:16:2:18:Infinity:undefined:undefined:undefined:undefined":0,"s:16:2:18:Infinity":11,"s:17:4:17:Infinity":12,"b:20:2:29:Infinity:undefined:undefined:undefined:undefined":1,"s:20:2:29:Infinity":13,"s:21:4:27:Infinity":14,"b:31:2:33:Infinity:undefined:undefined:undefined:undefined":2,"s:31:2:33:Infinity":15,"s:32:4:32:Infinity":16,"s:35:2:44:Infinity":17,"f:37:24:37:25":6,"s:38:8:42:Infinity":18}}}
,"/Users/virender/Documents/simple-todo-bmad/apps/client/src/features/todos/components/TodoTimestamp.tsx": {"path":"/Users/virender/Documents/simple-todo-bmad/apps/client/src/features/todos/components/TodoTimestamp.tsx","statementMap":{"0":{"start":{"line":9,"column":2},"end":{"line":16,"column":null}}},"fnMap":{"0":{"name":"TodoTimestamp","decl":{"start":{"line":8,"column":16},"end":{"line":8,"column":30}},"loc":{"start":{"line":8,"column":72},"end":{"line":18,"column":null}},"line":8}},"branchMap":{},"s":{"0":19},"f":{"0":19},"b":{},"meta":{"lastBranch":0,"lastFunction":1,"lastStatement":1,"seen":{"f:8:16:8:30":0,"s:9:2:16:Infinity":0}}}
,"/Users/virender/Documents/simple-todo-bmad/apps/client/src/features/todos/hooks/useVisibleTodos.ts": {"path":"/Users/virender/Documents/simple-todo-bmad/apps/client/src/features/todos/hooks/useVisibleTodos.ts","statementMap":{"0":{"start":{"line":7,"column":8},"end":{"line":7,"column":null}},"1":{"start":{"line":7,"column":36},"end":{"line":7,"column":43}},"2":{"start":{"line":8,"column":8},"end":{"line":8,"column":null}},"3":{"start":{"line":8,"column":41},"end":{"line":8,"column":53}},"4":{"start":{"line":9,"column":8},"end":{"line":9,"column":null}},"5":{"start":{"line":9,"column":45},"end":{"line":9,"column":61}},"6":{"start":{"line":11,"column":2},"end":{"line":21,"column":null}},"7":{"start":{"line":12,"column":8},"end":{"line":12,"column":null}},"8":{"start":{"line":14,"column":4},"end":{"line":16,"column":null}},"9":{"start":{"line":15,"column":6},"end":{"line":15,"column":null}},"10":{"start":{"line":18,"column":4},"end":{"line":20,"column":null}}},"fnMap":{"0":{"name":"useVisibleTodos","decl":{"start":{"line":6,"column":16},"end":{"line":6,"column":34}},"loc":{"start":{"line":6,"column":34},"end":{"line":22,"column":null}},"line":6},"1":{"name":"(anonymous_1)","decl":{"start":{"line":7,"column":29},"end":{"line":7,"column":30}},"loc":{"start":{"line":7,"column":36},"end":{"line":7,"column":43}},"line":7},"2":{"name":"(anonymous_2)","decl":{"start":{"line":8,"column":34},"end":{"line":8,"column":35}},"loc":{"start":{"line":8,"column":41},"end":{"line":8,"column":53}},"line":8},"3":{"name":"(anonymous_3)","decl":{"start":{"line":9,"column":38},"end":{"line":9,"column":39}},"loc":{"start":{"line":9,"column":45},"end":{"line":9,"column":61}},"line":9},"4":{"name":"(anonymous_4)","decl":{"start":{"line":11,"column":17},"end":{"line":11,"column":23}},"loc":{"start":{"line":11,"column":23},"end":{"line":21,"column":5}},"line":11}},"branchMap":{"0":{"loc":{"start":{"line":14,"column":4},"end":{"line":16,"column":null}},"type":"if","locations":[{"start":{"line":14,"column":4},"end":{"line":16,"column":null}},{"start":{},"end":{}}],"line":14},"1":{"loc":{"start":{"line":14,"column":8},"end":{"line":14,"column":54}},"type":"binary-expr","locations":[{"start":{"line":14,"column":8},"end":{"line":14,"column":38}},{"start":{"line":14,"column":38},"end":{"line":14,"column":54}}],"line":14},"2":{"loc":{"start":{"line":18,"column":11},"end":{"line":20,"column":null}},"type":"cond-expr","locations":[{"start":{"line":18,"column":26},"end":{"line":19,"column":null}},{"start":{"line":19,"column":33},"end":{"line":20,"column":null}}],"line":18}},"s":{"0":8,"1":8,"2":8,"3":8,"4":8,"5":8,"6":8,"7":8,"8":8,"9":1,"10":8},"f":{"0":8,"1":8,"2":8,"3":8,"4":8},"b":{"0":[1,7],"1":[8,7],"2":[1,7]},"meta":{"lastBranch":3,"lastFunction":5,"lastStatement":11,"seen":{"f:6:16:6:34":0,"s:7:8:7:Infinity":0,"f:7:29:7:30":1,"s:7:36:7:43":1,"s:8:8:8:Infinity":2,"f:8:34:8:35":2,"s:8:41:8:53":3,"s:9:8:9:Infinity":4,"f:9:38:9:39":3,"s:9:45:9:61":5,"s:11:2:21:Infinity":6,"f:11:17:11:23":4,"s:12:8:12:Infinity":7,"b:14:4:16:Infinity:undefined:undefined:undefined:undefined":0,"s:14:4:16:Infinity":8,"b:14:8:14:38:14:38:14:54":1,"s:15:6:15:Infinity":9,"s:18:4:20:Infinity":10,"b:18:26:19:Infinity:19:33:20:Infinity":2}}}
,"/Users/virender/Documents/simple-todo-bmad/apps/client/src/features/todos/utils/isTodoExpiring.ts": {"path":"/Users/virender/Documents/simple-todo-bmad/apps/client/src/features/todos/utils/isTodoExpiring.ts","statementMap":{"0":{"start":{"line":5,"column":2},"end":{"line":5,"column":null}},"1":{"start":{"line":5,"column":39},"end":{"line":5,"column":null}},"2":{"start":{"line":6,"column":20},"end":{"line":8,"column":null}},"3":{"start":{"line":9,"column":2},"end":{"line":9,"column":null}}},"fnMap":{"0":{"name":"isTodoExpiring","decl":{"start":{"line":4,"column":16},"end":{"line":4,"column":31}},"loc":{"start":{"line":4,"column":52},"end":{"line":10,"column":null}},"line":4}},"branchMap":{"0":{"loc":{"start":{"line":5,"column":2},"end":{"line":5,"column":null}},"type":"if","locations":[{"start":{"line":5,"column":2},"end":{"line":5,"column":null}},{"start":{},"end":{}}],"line":5},"1":{"loc":{"start":{"line":5,"column":6},"end":{"line":5,"column":39}},"type":"binary-expr","locations":[{"start":{"line":5,"column":6},"end":{"line":5,"column":24}},{"start":{"line":5,"column":24},"end":{"line":5,"column":39}}],"line":5}},"s":{"0":22,"1":20,"2":2,"3":2},"f":{"0":22},"b":{"0":[20,2],"1":[22,16]},"meta":{"lastBranch":2,"lastFunction":1,"lastStatement":4,"seen":{"f:4:16:4:31":0,"b:5:2:5:Infinity:undefined:undefined:undefined:undefined":0,"s:5:2:5:Infinity":0,"b:5:6:5:24:5:24:5:39":1,"s:5:39:5:Infinity":1,"s:6:20:8:Infinity":2,"s:9:2:9:Infinity":3}}}
,"/Users/virender/Documents/simple-todo-bmad/apps/client/src/features/todos/utils/sortTodos.ts": {"path":"/Users/virender/Documents/simple-todo-bmad/apps/client/src/features/todos/utils/sortTodos.ts","statementMap":{"0":{"start":{"line":4,"column":2},"end":{"line":6,"column":null}},"1":{"start":{"line":5,"column":14},"end":{"line":5,"column":null}},"2":{"start":{"line":10,"column":2},"end":{"line":16,"column":null}},"3":{"start":{"line":11,"column":4},"end":{"line":11,"column":null}},"4":{"start":{"line":11,"column":24},"end":{"line":11,"column":null}},"5":{"start":{"line":12,"column":4},"end":{"line":12,"column":null}},"6":{"start":{"line":12,"column":24},"end":{"line":12,"column":null}},"7":{"start":{"line":13,"column":4},"end":{"line":14,"column":null}}},"fnMap":{"0":{"name":"sortByNewest","decl":{"start":{"line":3,"column":16},"end":{"line":3,"column":29}},"loc":{"start":{"line":3,"column":52},"end":{"line":7,"column":null}},"line":3},"1":{"name":"(anonymous_1)","decl":{"start":{"line":5,"column":4},"end":{"line":5,"column":5}},"loc":{"start":{"line":5,"column":14},"end":{"line":5,"column":null}},"line":5},"2":{"name":"sortByCompletedAt","decl":{"start":{"line":9,"column":16},"end":{"line":9,"column":34}},"loc":{"start":{"line":9,"column":57},"end":{"line":17,"column":null}},"line":9},"3":{"name":"(anonymous_3)","decl":{"start":{"line":10,"column":25},"end":{"line":10,"column":26}},"loc":{"start":{"line":10,"column":35},"end":{"line":16,"column":3}},"line":10}},"branchMap":{"0":{"loc":{"start":{"line":11,"column":4},"end":{"line":11,"column":null}},"type":"if","locations":[{"start":{"line":11,"column":4},"end":{"line":11,"column":null}},{"start":{},"end":{}}],"line":11},"1":{"loc":{"start":{"line":12,"column":4},"end":{"line":12,"column":null}},"type":"if","locations":[{"start":{"line":12,"column":4},"end":{"line":12,"column":null}},{"start":{},"end":{}}],"line":12}},"s":{"0":8,"1":4,"2":5,"3":7,"4":5,"5":2,"6":0,"7":2},"f":{"0":8,"1":4,"2":5,"3":7},"b":{"0":[5,2],"1":[0,2]},"meta":{"lastBranch":2,"lastFunction":4,"lastStatement":8,"seen":{"f:3:16:3:29":0,"s:4:2:6:Infinity":0,"f:5:4:5:5":1,"s:5:14:5:Infinity":1,"f:9:16:9:34":2,"s:10:2:16:Infinity":2,"f:10:25:10:26":3,"b:11:4:11:Infinity:undefined:undefined:undefined:undefined":0,"s:11:4:11:Infinity":3,"s:11:24:11:Infinity":4,"b:12:4:12:Infinity:undefined:undefined:undefined:undefined":1,"s:12:4:12:Infinity":5,"s:12:24:12:Infinity":6,"s:13:4:14:Infinity":7}}}
,"/Users/virender/Documents/simple-todo-bmad/apps/client/src/lib/date.ts": {"path":"/Users/virender/Documents/simple-todo-bmad/apps/client/src/lib/date.ts","statementMap":{"0":{"start":{"line":2,"column":15},"end":{"line":2,"column":null}},"1":{"start":{"line":3,"column":14},"end":{"line":3,"column":null}},"2":{"start":{"line":4,"column":17},"end":{"line":4,"column":null}},"3":{"start":{"line":5,"column":19},"end":{"line":5,"column":null}},"4":{"start":{"line":6,"column":20},"end":{"line":6,"column":null}},"5":{"start":{"line":7,"column":19},"end":{"line":7,"column":null}},"6":{"start":{"line":9,"column":2},"end":{"line":9,"column":null}},"7":{"start":{"line":9,"column":20},"end":{"line":9,"column":null}},"8":{"start":{"line":10,"column":2},"end":{"line":10,"column":null}},"9":{"start":{"line":10,"column":21},"end":{"line":10,"column":null}},"10":{"start":{"line":11,"column":2},"end":{"line":11,"column":null}},"11":{"start":{"line":11,"column":22},"end":{"line":11,"column":null}},"12":{"start":{"line":12,"column":2},"end":{"line":12,"column":null}},"13":{"start":{"line":12,"column":20},"end":{"line":12,"column":null}},"14":{"start":{"line":14,"column":2},"end":{"line":18,"column":null}},"15":{"start":{"line":22,"column":15},"end":{"line":22,"column":null}},"16":{"start":{"line":23,"column":2},"end":{"line":27,"column":null}},"17":{"start":{"line":31,"column":2},"end":{"line":31,"column":null}}},"fnMap":{"0":{"name":"formatDate","decl":{"start":{"line":1,"column":16},"end":{"line":1,"column":27}},"loc":{"start":{"line":1,"column":54},"end":{"line":19,"column":null}},"line":1},"1":{"name":"formatDueDate","decl":{"start":{"line":21,"column":16},"end":{"line":21,"column":30}},"loc":{"start":{"line":21,"column":57},"end":{"line":28,"column":null}},"line":21},"2":{"name":"toInputDateString","decl":{"start":{"line":30,"column":16},"end":{"line":30,"column":34}},"loc":{"start":{"line":30,"column":61},"end":{"line":32,"column":null}},"line":30}},"branchMap":{"0":{"loc":{"start":{"line":9,"column":2},"end":{"line":9,"column":null}},"type":"if","locations":[{"start":{"line":9,"column":2},"end":{"line":9,"column":null}},{"start":{},"end":{}}],"line":9},"1":{"loc":{"start":{"line":10,"column":2},"end":{"line":10,"column":null}},"type":"if","locations":[{"start":{"line":10,"column":2},"end":{"line":10,"column":null}},{"start":{},"end":{}}],"line":10},"2":{"loc":{"start":{"line":11,"column":2},"end":{"line":11,"column":null}},"type":"if","locations":[{"start":{"line":11,"column":2},"end":{"line":11,"column":null}},{"start":{},"end":{}}],"line":11},"3":{"loc":{"start":{"line":12,"column":2},"end":{"line":12,"column":null}},"type":"if","locations":[{"start":{"line":12,"column":2},"end":{"line":12,"column":null}},{"start":{},"end":{}}],"line":12},"4":{"loc":{"start":{"line":17,"column":10},"end":{"line":17,"column":null}},"type":"cond-expr","locations":[{"start":{"line":17,"column":53},"end":{"line":17,"column":65}},{"start":{"line":17,"column":65},"end":{"line":17,"column":null}}],"line":17}},"s":{"0":24,"1":24,"2":24,"3":24,"4":24,"5":24,"6":24,"7":20,"8":4,"9":4,"10":3,"11":3,"12":2,"13":2,"14":1,"15":2,"16":2,"17":1},"f":{"0":24,"1":2,"2":1},"b":{"0":[20,4],"1":[1,3],"2":[1,2],"3":[1,1],"4":[0,1]},"meta":{"lastBranch":5,"lastFunction":3,"lastStatement":18,"seen":{"f:1:16:1:27":0,"s:2:15:2:Infinity":0,"s:3:14:3:Infinity":1,"s:4:17:4:Infinity":2,"s:5:19:5:Infinity":3,"s:6:20:6:Infinity":4,"s:7:19:7:Infinity":5,"b:9:2:9:Infinity:undefined:undefined:undefined:undefined":0,"s:9:2:9:Infinity":6,"s:9:20:9:Infinity":7,"b:10:2:10:Infinity:undefined:undefined:undefined:undefined":1,"s:10:2:10:Infinity":8,"s:10:21:10:Infinity":9,"b:11:2:11:Infinity:undefined:undefined:undefined:undefined":2,"s:11:2:11:Infinity":10,"s:11:22:11:Infinity":11,"b:12:2:12:Infinity:undefined:undefined:undefined:undefined":3,"s:12:2:12:Infinity":12,"s:12:20:12:Infinity":13,"s:14:2:18:Infinity":14,"b:17:53:17:65:17:65:17:Infinity":4,"f:21:16:21:30":1,"s:22:15:22:Infinity":15,"s:23:2:27:Infinity":16,"f:30:16:30:34":2,"s:31:2:31:Infinity":17}}}
,"/Users/virender/Documents/simple-todo-bmad/apps/client/src/lib/utils.ts": {"path":"/Users/virender/Documents/simple-todo-bmad/apps/client/src/lib/utils.ts","statementMap":{"0":{"start":{"line":5,"column":2},"end":{"line":5,"column":null}}},"fnMap":{"0":{"name":"cn","decl":{"start":{"line":4,"column":16},"end":{"line":4,"column":22}},"loc":{"start":{"line":4,"column":44},"end":{"line":6,"column":null}},"line":4}},"branchMap":{},"s":{"0":57},"f":{"0":57},"b":{},"meta":{"lastBranch":0,"lastFunction":1,"lastStatement":1,"seen":{"f:4:16:4:22":0,"s:5:2:5:Infinity":0}}}
,"/Users/virender/Documents/simple-todo-bmad/apps/client/src/store/selectors.ts": {"path":"/Users/virender/Documents/simple-todo-bmad/apps/client/src/store/selectors.ts","statementMap":{"0":{"start":{"line":6,"column":2},"end":{"line":6,"column":null}},"1":{"start":{"line":6,"column":29},"end":{"line":6,"column":41}},"2":{"start":{"line":10,"column":2},"end":{"line":10,"column":null}},"3":{"start":{"line":10,"column":29},"end":{"line":10,"column":40}},"4":{"start":{"line":14,"column":2},"end":{"line":14,"column":null}},"5":{"start":{"line":14,"column":29},"end":{"line":14,"column":56}},"6":{"start":{"line":18,"column":14},"end":{"line":18,"column":null}},"7":{"start":{"line":19,"column":20},"end":{"line":21,"column":null}},"8":{"start":{"line":23,"column":2},"end":{"line":26,"column":null}},"9":{"start":{"line":24,"column":4},"end":{"line":24,"column":null}},"10":{"start":{"line":24,"column":35},"end":{"line":24,"column":null}},"11":{"start":{"line":25,"column":4},"end":{"line":25,"column":null}},"12":{"start":{"line":30,"column":2},"end":{"line":39,"column":null}},"13":{"start":{"line":32,"column":6},"end":{"line":32,"column":null}},"14":{"start":{"line":34,"column":6},"end":{"line":34,"column":null}},"15":{"start":{"line":36,"column":6},"end":{"line":36,"column":null}},"16":{"start":{"line":38,"column":6},"end":{"line":38,"column":null}},"17":{"start":{"line":46,"column":2},"end":{"line":46,"column":null}},"18":{"start":{"line":46,"column":17},"end":{"line":46,"column":null}},"19":{"start":{"line":47,"column":2},"end":{"line":47,"column":null}},"20":{"start":{"line":47,"column":29},"end":{"line":47,"column":52}},"21":{"start":{"line":51,"column":22},"end":{"line":51,"column":null}},"22":{"start":{"line":51,"column":42},"end":{"line":51,"column":54}},"23":{"start":{"line":52,"column":21},"end":{"line":52,"column":null}},"24":{"start":{"line":53,"column":2},"end":{"line":55,"column":null}},"25":{"start":{"line":54,"column":4},"end":{"line":54,"column":null}},"26":{"start":{"line":54,"column":23},"end":{"line":54,"column":null}},"27":{"start":{"line":56,"column":2},"end":{"line":56,"column":null}}},"fnMap":{"0":{"name":"getActiveTodos","decl":{"start":{"line":5,"column":16},"end":{"line":5,"column":31}},"loc":{"start":{"line":5,"column":54},"end":{"line":7,"column":null}},"line":5},"1":{"name":"(anonymous_1)","decl":{"start":{"line":6,"column":22},"end":{"line":6,"column":23}},"loc":{"start":{"line":6,"column":29},"end":{"line":6,"column":41}},"line":6},"2":{"name":"getCompletedTodos","decl":{"start":{"line":9,"column":16},"end":{"line":9,"column":34}},"loc":{"start":{"line":9,"column":57},"end":{"line":11,"column":null}},"line":9},"3":{"name":"(anonymous_3)","decl":{"start":{"line":10,"column":22},"end":{"line":10,"column":23}},"loc":{"start":{"line":10,"column":29},"end":{"line":10,"column":40}},"line":10},"4":{"name":"getImportantTodos","decl":{"start":{"line":13,"column":16},"end":{"line":13,"column":34}},"loc":{"start":{"line":13,"column":57},"end":{"line":15,"column":null}},"line":13},"5":{"name":"(anonymous_5)","decl":{"start":{"line":14,"column":22},"end":{"line":14,"column":23}},"loc":{"start":{"line":14,"column":29},"end":{"line":14,"column":56}},"line":14},"6":{"name":"getExpiringTodos","decl":{"start":{"line":17,"column":16},"end":{"line":17,"column":33}},"loc":{"start":{"line":17,"column":56},"end":{"line":27,"column":null}},"line":17},"7":{"name":"(anonymous_7)","decl":{"start":{"line":23,"column":22},"end":{"line":23,"column":23}},"loc":{"start":{"line":23,"column":29},"end":{"line":26,"column":3}},"line":23},"8":{"name":"getTodosByView","decl":{"start":{"line":29,"column":16},"end":{"line":29,"column":31}},"loc":{"start":{"line":29,"column":70},"end":{"line":40,"column":null}},"line":29},"9":{"name":"filterByCategory","decl":{"start":{"line":42,"column":16},"end":{"line":42,"column":null}},"loc":{"start":{"line":45,"column":10},"end":{"line":48,"column":null}},"line":45},"10":{"name":"(anonymous_10)","decl":{"start":{"line":47,"column":22},"end":{"line":47,"column":23}},"loc":{"start":{"line":47,"column":29},"end":{"line":47,"column":52}},"line":47},"11":{"name":"getAvailableCategories","decl":{"start":{"line":50,"column":16},"end":{"line":50,"column":39}},"loc":{"start":{"line":50,"column":64},"end":{"line":57,"column":null}},"line":50},"12":{"name":"(anonymous_12)","decl":{"start":{"line":51,"column":35},"end":{"line":51,"column":36}},"loc":{"start":{"line":51,"column":42},"end":{"line":51,"column":54}},"line":51}},"branchMap":{"0":{"loc":{"start":{"line":14,"column":29},"end":{"line":14,"column":56}},"type":"binary-expr","locations":[{"start":{"line":14,"column":29},"end":{"line":14,"column":45}},{"start":{"line":14,"column":45},"end":{"line":14,"column":56}}],"line":14},"1":{"loc":{"start":{"line":24,"column":4},"end":{"line":24,"column":null}},"type":"if","locations":[{"start":{"line":24,"column":4},"end":{"line":24,"column":null}},{"start":{},"end":{}}],"line":24},"2":{"loc":{"start":{"line":24,"column":8},"end":{"line":24,"column":35}},"type":"binary-expr","locations":[{"start":{"line":24,"column":8},"end":{"line":24,"column":23}},{"start":{"line":24,"column":23},"end":{"line":24,"column":35}}],"line":24},"3":{"loc":{"start":{"line":30,"column":2},"end":{"line":39,"column":null}},"type":"switch","locations":[{"start":{"line":31,"column":4},"end":{"line":32,"column":null}},{"start":{"line":33,"column":4},"end":{"line":34,"column":null}},{"start":{"line":35,"column":4},"end":{"line":36,"column":null}},{"start":{"line":37,"column":4},"end":{"line":38,"column":null}}],"line":30},"4":{"loc":{"start":{"line":46,"column":2},"end":{"line":46,"column":null}},"type":"if","locations":[{"start":{"line":46,"column":2},"end":{"line":46,"column":null}},{"start":{},"end":{}}],"line":46},"5":{"loc":{"start":{"line":54,"column":4},"end":{"line":54,"column":null}},"type":"if","locations":[{"start":{"line":54,"column":4},"end":{"line":54,"column":null}},{"start":{},"end":{}}],"line":54}},"s":{"0":10,"1":14,"2":4,"3":8,"4":3,"5":7,"6":3,"7":3,"8":3,"9":7,"10":6,"11":1,"12":12,"13":8,"14":1,"15":1,"16":2,"17":3,"18":1,"19":2,"20":5,"21":1,"22":4,"23":1,"24":1,"25":3,"26":3,"27":1},"f":{"0":10,"1":14,"2":4,"3":8,"4":3,"5":7,"6":3,"7":7,"8":12,"9":3,"10":5,"11":1,"12":4},"b":{"0":[7,4],"1":[6,1],"2":[7,4],"3":[8,1,1,2],"4":[1,2],"5":[3,0]},"meta":{"lastBranch":6,"lastFunction":13,"lastStatement":28,"seen":{"f:5:16:5:31":0,"s:6:2:6:Infinity":0,"f:6:22:6:23":1,"s:6:29:6:41":1,"f:9:16:9:34":2,"s:10:2:10:Infinity":2,"f:10:22:10:23":3,"s:10:29:10:40":3,"f:13:16:13:34":4,"s:14:2:14:Infinity":4,"f:14:22:14:23":5,"s:14:29:14:56":5,"b:14:29:14:45:14:45:14:56":0,"f:17:16:17:33":6,"s:18:14:18:Infinity":6,"s:19:20:21:Infinity":7,"s:23:2:26:Infinity":8,"f:23:22:23:23":7,"b:24:4:24:Infinity:undefined:undefined:undefined:undefined":1,"s:24:4:24:Infinity":9,"b:24:8:24:23:24:23:24:35":2,"s:24:35:24:Infinity":10,"s:25:4:25:Infinity":11,"f:29:16:29:31":8,"b:31:4:32:Infinity:33:4:34:Infinity:35:4:36:Infinity:37:4:38:Infinity":3,"s:30:2:39:Infinity":12,"s:32:6:32:Infinity":13,"s:34:6:34:Infinity":14,"s:36:6:36:Infinity":15,"s:38:6:38:Infinity":16,"f:42:16:42:Infinity":9,"b:46:2:46:Infinity:undefined:undefined:undefined:undefined":4,"s:46:2:46:Infinity":17,"s:46:17:46:Infinity":18,"s:47:2:47:Infinity":19,"f:47:22:47:23":10,"s:47:29:47:52":20,"f:50:16:50:39":11,"s:51:22:51:Infinity":21,"f:51:35:51:36":12,"s:51:42:51:54":22,"s:52:21:52:Infinity":23,"s:53:2:55:Infinity":24,"b:54:4:54:Infinity:undefined:undefined:undefined:undefined":5,"s:54:4:54:Infinity":25,"s:54:23:54:Infinity":26,"s:56:2:56:Infinity":27}}}
}
